<?xml version="1.0" encoding="UTF-8"?>
<testng-results ignored="0" total="1" passed="1" failed="0" skipped="0">
  <reporter-output>
  </reporter-output>
  <suite started-at="2021-07-06T20:57:03 EDT" name="Suite1" finished-at="2021-07-06T20:57:11 EDT" duration-ms="8567">
    <groups>
    </groups>
    <test started-at="2021-07-06T20:57:03 EDT" name="Test" finished-at="2021-07-06T20:57:11 EDT" duration-ms="8567">
      <class name="com.Automation.Learning.TestCases.LoginTest">
        <test-method is-config="true" signature="setup()[pri:0, instance:com.Automation.Learning.TestCases.LoginTest@68999068]" started-at="2021-07-06T20:57:03 EDT" name="setup" finished-at="2021-07-06T20:57:07 EDT" duration-ms="3814" status="PASS">
          <reporter-output>
          </reporter-output>
        </test-method> <!-- setup -->
        <test-method signature="login(java.lang.String,java.lang.String)[pri:0, instance:com.Automation.Learning.TestCases.LoginTest@68999068]" started-at="2021-07-06T20:57:07 EDT" name="login" finished-at="2021-07-06T20:57:10 EDT" duration-ms="3924" status="PASS">
          <params>
            <param index="0">
              <value>
                <![CDATA[dinesh_divakar84@yahoo.co.in]]>
              </value>
            </param>
            <param index="1">
              <value>
                <![CDATA[Nandhu03]]>
              </value>
            </param>
          </params>
          <reporter-output>
          </reporter-output>
        </test-method> <!-- login -->
        <test-method is-config="true" signature="teardown()[pri:0, instance:com.Automation.Learning.TestCases.LoginTest@68999068]" started-at="2021-07-06T20:57:10 EDT" name="teardown" finished-at="2021-07-06T20:57:11 EDT" duration-ms="786" status="PASS">
          <reporter-output>
          </reporter-output>
        </test-method> <!-- teardown -->
      </class> <!-- com.Automation.Learning.TestCases.LoginTest -->
    </test> <!-- Test -->
  </suite> <!-- Suite1 -->
</testng-results>
