<?xml version="1.0" encoding="UTF-8"?>
<testng-results ignored="0" total="1" passed="1" failed="0" skipped="0">
  <reporter-output>
  </reporter-output>
  <suite started-at="2021-07-04T15:29:35 EDT" name="Default suite" finished-at="2021-07-04T15:29:36 EDT" duration-ms="123">
    <groups>
    </groups>
    <test started-at="2021-07-04T15:29:35 EDT" name="Default test" finished-at="2021-07-04T15:29:36 EDT" duration-ms="123">
      <class name="com.Automation.Learning.TestCases.FileCopyTest">
        <test-method signature="DuplicatePDF()[pri:0, instance:com.Automation.Learning.TestCases.FileCopyTest@6d1ef78d]" started-at="2021-07-04T15:29:36 EDT" name="DuplicatePDF" finished-at="2021-07-04T15:29:36 EDT" duration-ms="97" status="PASS">
          <reporter-output>
          </reporter-output>
        </test-method> <!-- DuplicatePDF -->
      </class> <!-- com.Automation.Learning.TestCases.FileCopyTest -->
    </test> <!-- Default test -->
  </suite> <!-- Default suite -->
</testng-results>
